TN:
SF:src\app\layout.tsx
FN:12,RootLayout
FNF:1
FNH:0
FNDA:0,RootLayout
DA:2,0
DA:3,0
DA:5,0
DA:7,0
DA:12,0
LF:5
LH:0
BRF:0
BRH:0
end_of_record
TN:
SF:src\app\page.tsx
FN:5,HomePage
FNF:1
FNH:0
FNDA:0,HomePage
DA:1,0
DA:2,0
DA:3,0
DA:5,0
LF:4
LH:0
BRF:0
BRH:0
end_of_record
TN:
SF:src\app\api\suggestions\route.ts
FN:5,POST
FN:92,GET
FN:141,DELETE
FNF:3
FNH:0
FNDA:0,POST
FNDA:0,GET
FNDA:0,DELETE
DA:1,0
DA:2,0
DA:3,0
DA:5,0
DA:6,0
DA:7,0
DA:10,0
DA:11,0
DA:18,0
DA:19,0
DA:20,0
DA:27,0
DA:28,0
DA:35,0
DA:38,0
DA:39,0
DA:40,0
DA:47,0
DA:59,0
DA:66,0
DA:69,0
DA:70,0
DA:77,0
DA:78,0
DA:85,0
DA:92,0
DA:93,0
DA:94,0
DA:95,0
DA:96,0
DA:97,0
DA:100,0
DA:101,0
DA:108,0
DA:109,0
DA:110,0
DA:117,0
DA:120,0
DA:123,0
DA:125,0
DA:132,0
DA:134,0
DA:141,0
DA:142,0
DA:143,0
DA:144,0
DA:145,0
DA:146,0
DA:149,0
DA:150,0
DA:157,0
DA:158,0
DA:159,0
DA:166,0
DA:169,0
DA:171,0
DA:177,0
DA:179,0
LF:58
LH:0
BRDA:10,0,0,0
BRDA:10,1,0,0
BRDA:10,1,1,0
BRDA:10,1,2,0
BRDA:19,2,0,0
BRDA:27,3,0,0
BRDA:39,4,0,0
BRDA:69,5,0,0
BRDA:70,6,0,0
BRDA:77,7,0,0
BRDA:100,8,0,0
BRDA:100,9,0,0
BRDA:100,9,1,0
BRDA:109,10,0,0
BRDA:120,11,0,0
BRDA:120,11,1,0
BRDA:149,12,0,0
BRDA:149,13,0,0
BRDA:149,13,1,0
BRDA:149,13,2,0
BRDA:158,14,0,0
BRF:21
BRH:0
end_of_record
TN:
SF:src\app\auth\page.tsx
FN:6,AuthPage
FNF:1
FNH:0
FNDA:0,AuthPage
DA:3,0
DA:4,0
DA:6,0
DA:7,0
DA:8,0
DA:9,0
LF:6
LH:0
BRDA:15,0,0,0
BRDA:15,0,1,0
BRDA:16,1,0,0
BRDA:16,1,1,0
BRF:4
BRH:0
end_of_record
TN:
SF:src\app\dashboard\layout.tsx
FN:29,DashboardSidebar
FN:33,(anonymous_3)
FN:50,(anonymous_4)
FN:110,DashboardLayout
FNF:4
FNH:0
FNDA:0,DashboardSidebar
FNDA:0,(anonymous_3)
FNDA:0,(anonymous_4)
FNDA:0,DashboardLayout
DA:3,0
DA:4,0
DA:5,0
DA:6,0
DA:7,0
DA:16,0
DA:17,0
DA:18,0
DA:20,0
DA:30,0
DA:31,0
DA:33,0
DA:34,0
DA:35,0
DA:37,0
DA:51,0
DA:52,0
DA:110,0
LF:18
LH:0
BRDA:57,0,0,0
BRDA:57,0,1,0
BRDA:74,1,0,0
BRDA:77,2,0,0
BRDA:77,2,1,0
BRDA:82,3,0,0
BRDA:82,3,1,0
BRDA:82,3,2,0
BRDA:89,4,0,0
BRDA:89,4,1,0
BRF:10
BRH:0
end_of_record
TN:
SF:src\app\dashboard\page.tsx
FN:7,DashboardPage
FN:16,(anonymous_2)
FNF:2
FNH:0
FNDA:0,DashboardPage
FNDA:0,(anonymous_2)
DA:3,0
DA:4,0
DA:5,0
DA:7,0
DA:8,0
DA:10,0
DA:17,0
DA:25,0
LF:8
LH:0
BRDA:10,0,0,0
BRDA:25,1,0,0
BRF:2
BRH:0
end_of_record
TN:
SF:src\app\dashboard\assets\page.tsx
FN:3,AssetsPage
FNF:1
FNH:0
FNDA:0,AssetsPage
DA:1,0
DA:3,0
LF:2
LH:0
BRF:0
BRH:0
end_of_record
TN:
SF:src\app\dashboard\categories\page.tsx
FN:3,CategoriesPage
FNF:1
FNH:0
FNDA:0,CategoriesPage
DA:1,0
DA:3,0
LF:2
LH:0
BRF:0
BRH:0
end_of_record
TN:
SF:src\app\dashboard\spaces\page.tsx
FN:3,SpacesPage
FNF:1
FNH:0
FNDA:0,SpacesPage
DA:1,0
DA:3,0
LF:2
LH:0
BRF:0
BRH:0
end_of_record
TN:
SF:src\app\dashboard\suggestions\page.tsx
FN:3,SuggestionsPage
FNF:1
FNH:0
FNDA:0,SuggestionsPage
DA:1,0
DA:3,0
LF:2
LH:0
BRF:0
BRH:0
end_of_record
TN:
SF:src\app\dashboard\tasks\page.tsx
FN:3,TasksPage
FNF:1
FNH:0
FNDA:0,TasksPage
DA:1,0
DA:3,0
LF:2
LH:0
BRF:0
BRH:0
end_of_record
TN:
SF:src\components\ai\SuggestionCard.tsx
FN:25,(anonymous_4)
FN:31,(anonymous_5)
FN:37,(anonymous_6)
FNF:3
FNH:0
FNDA:0,(anonymous_4)
FNDA:0,(anonymous_5)
FNDA:0,(anonymous_6)
DA:3,0
DA:4,0
DA:5,0
DA:6,0
DA:7,0
DA:9,0
DA:18,0
DA:25,0
DA:31,0
DA:32,0
DA:33,0
DA:37,0
DA:38,0
DA:46,0
DA:113,0
LF:15
LH:0
BRDA:32,0,0,0
BRDA:66,1,0,0
BRDA:87,2,0,0
BRF:3
BRH:0
end_of_record
TN:
SF:src\components\ai\SuggestionsList.tsx
FN:20,(anonymous_4)
FN:36,(anonymous_5)
FN:53,(anonymous_6)
FN:63,(anonymous_7)
FN:72,(anonymous_8)
FN:73,(anonymous_9)
FN:168,(anonymous_10)
FN:215,(anonymous_11)
FN:256,(anonymous_12)
FN:260,(anonymous_13)
FN:261,(anonymous_14)
FNF:11
FNH:0
FNDA:0,(anonymous_4)
FNDA:0,(anonymous_5)
FNDA:0,(anonymous_6)
FNDA:0,(anonymous_7)
FNDA:0,(anonymous_8)
FNDA:0,(anonymous_9)
FNDA:0,(anonymous_10)
FNDA:0,(anonymous_11)
FNDA:0,(anonymous_12)
FNDA:0,(anonymous_13)
FNDA:0,(anonymous_14)
DA:3,0
DA:4,0
DA:5,0
DA:7,0
DA:8,0
DA:9,0
DA:10,0
DA:11,0
DA:12,0
DA:14,0
DA:20,0
DA:21,0
DA:22,0
DA:24,0
DA:25,0
DA:34,0
DA:36,0
DA:37,0
DA:38,0
DA:39,0
DA:42,0
DA:43,0
DA:44,0
DA:46,0
DA:47,0
DA:49,0
DA:53,0
DA:54,0
DA:55,0
DA:56,0
DA:58,0
DA:59,0
DA:63,0
DA:64,0
DA:65,0
DA:67,0
DA:68,0
DA:72,0
DA:73,0
DA:74,0
DA:77,0
DA:169,0
DA:216,0
DA:257,0
DA:260,0
DA:261,0
LF:46
LH:0
BRDA:21,0,0,0
BRDA:21,0,1,0
BRDA:37,1,0,0
BRDA:47,2,0,0
BRDA:47,2,1,0
BRDA:74,3,0,0
BRDA:74,3,1,0
BRDA:77,4,0,0
BRDA:105,5,0,0
BRDA:132,6,0,0
BRDA:132,6,1,0
BRDA:134,7,0,0
BRDA:134,7,1,0
BRDA:178,8,0,0
BRDA:178,8,1,0
BRDA:178,8,2,0
BRDA:178,8,3,0
BRDA:181,9,0,0
BRDA:194,10,0,0
BRDA:194,10,1,0
BRDA:207,11,0,0
BRDA:207,11,1,0
BRDA:207,12,0,0
BRDA:207,12,1,0
BRDA:213,13,0,0
BRDA:213,13,1,0
BRDA:233,14,0,0
BRDA:233,14,1,0
BRDA:245,15,0,0
BRDA:262,16,0,0
BRDA:262,16,1,0
BRF:31
BRH:0
end_of_record
TN:
SF:src\components\assets\AssetCard.tsx
FN:23,(anonymous_5)
FN:32,(anonymous_6)
FN:33,(anonymous_7)
FN:35,(anonymous_8)
FN:39,(anonymous_9)
FN:128,(anonymous_10)
FNF:6
FNH:0
FNDA:0,(anonymous_5)
FNDA:0,(anonymous_6)
FNDA:0,(anonymous_7)
FNDA:0,(anonymous_8)
FNDA:0,(anonymous_9)
FNDA:0,(anonymous_10)
DA:3,0
DA:4,0
DA:5,0
DA:6,0
DA:7,0
DA:9,0
DA:11,0
DA:12,0
DA:13,0
DA:14,0
DA:23,0
DA:29,0
DA:30,0
DA:32,0
DA:33,0
DA:35,0
DA:36,0
DA:39,0
DA:40,0
DA:41,0
DA:129,0
DA:150,0
LF:22
LH:0
BRDA:40,0,0,0
BRDA:53,1,0,0
BRDA:60,2,0,0
BRDA:79,3,0,0
BRDA:88,4,0,0
BRDA:99,5,0,0
BRDA:104,6,0,0
BRDA:125,7,0,0
BRDA:136,8,0,0
BRF:9
BRH:0
end_of_record
TN:
SF:src\components\assets\AssetDetailView.tsx
FN:25,(anonymous_5)
FN:36,(anonymous_6)
FN:37,(anonymous_7)
FN:39,(anonymous_8)
FN:43,(anonymous_9)
FN:50,(anonymous_10)
FN:51,(anonymous_11)
FN:56,(anonymous_12)
FN:57,(anonymous_13)
FN:121,(anonymous_14)
FN:124,(anonymous_15)
FN:210,(anonymous_16)
FNF:12
FNH:0
FNDA:0,(anonymous_5)
FNDA:0,(anonymous_6)
FNDA:0,(anonymous_7)
FNDA:0,(anonymous_8)
FNDA:0,(anonymous_9)
FNDA:0,(anonymous_10)
FNDA:0,(anonymous_11)
FNDA:0,(anonymous_12)
FNDA:0,(anonymous_13)
FNDA:0,(anonymous_14)
FNDA:0,(anonymous_15)
FNDA:0,(anonymous_16)
DA:3,0
DA:4,0
DA:5,0
DA:6,0
DA:7,0
DA:8,0
DA:9,0
DA:11,0
DA:12,0
DA:13,0
DA:15,0
DA:25,0
DA:32,0
DA:33,0
DA:34,0
DA:36,0
DA:37,0
DA:39,0
DA:40,0
DA:43,0
DA:44,0
DA:45,0
DA:46,0
DA:50,0
DA:51,0
DA:52,0
DA:56,0
DA:57,0
DA:58,0
DA:122,0
DA:124,0
DA:211,0
LF:32
LH:0
BRDA:44,0,0,0
BRDA:52,1,0,0
BRDA:52,1,1,0
BRDA:58,2,0,0
BRDA:58,2,1,0
BRDA:85,3,0,0
BRDA:96,4,0,0
BRDA:119,5,0,0
BRDA:126,6,0,0
BRDA:126,6,1,0
BRDA:153,7,0,0
BRDA:166,8,0,0
BRDA:166,8,1,0
BRDA:176,9,0,0
BRDA:176,9,1,0
BRDA:203,10,0,0
BRDA:242,11,0,0
BRF:17
BRH:0
end_of_record
TN:
SF:src\components\assets\AssetForm.tsx
FN:35,(anonymous_6)
FN:60,(anonymous_7)
FN:62,(anonymous_8)
FN:69,(anonymous_9)
FN:72,(anonymous_10)
FN:74,(anonymous_11)
FN:75,(anonymous_12)
FN:83,(anonymous_13)
FN:84,(anonymous_14)
FN:85,(anonymous_15)
FN:92,(anonymous_16)
FN:143,(anonymous_17)
FN:149,(anonymous_18)
FN:165,(anonymous_19)
FN:171,(anonymous_20)
FN:225,(anonymous_21)
FN:234,(anonymous_22)
FN:267,(anonymous_23)
FN:274,(anonymous_24)
FN:291,(anonymous_25)
FNF:20
FNH:0
FNDA:0,(anonymous_6)
FNDA:0,(anonymous_7)
FNDA:0,(anonymous_8)
FNDA:0,(anonymous_9)
FNDA:0,(anonymous_10)
FNDA:0,(anonymous_11)
FNDA:0,(anonymous_12)
FNDA:0,(anonymous_13)
FNDA:0,(anonymous_14)
FNDA:0,(anonymous_15)
FNDA:0,(anonymous_16)
FNDA:0,(anonymous_17)
FNDA:0,(anonymous_18)
FNDA:0,(anonymous_19)
FNDA:0,(anonymous_20)
FNDA:0,(anonymous_21)
FNDA:0,(anonymous_22)
FNDA:0,(anonymous_23)
FNDA:0,(anonymous_24)
FNDA:0,(anonymous_25)
DA:3,0
DA:4,0
DA:5,0
DA:6,0
DA:7,0
DA:8,0
DA:9,0
DA:10,0
DA:11,0
DA:12,0
DA:13,0
DA:14,0
DA:15,0
DA:16,0
DA:19,0
DA:35,0
DA:41,0
DA:42,0
DA:43,0
DA:45,0
DA:46,0
DA:48,0
DA:60,0
DA:61,0
DA:62,0
DA:64,0
DA:65,0
DA:66,0
DA:69,0
DA:72,0
DA:73,0
DA:74,0
DA:75,0
DA:77,0
DA:80,0
DA:83,0
DA:84,0
DA:85,0
DA:87,0
DA:88,0
DA:89,0
DA:92,0
DA:93,0
DA:94,0
DA:96,0
DA:105,0
DA:107,0
DA:108,0
DA:109,0
DA:110,0
DA:113,0
DA:115,0
DA:143,0
DA:150,0
DA:165,0
DA:172,0
DA:226,0
DA:234,0
DA:267,0
DA:272,0
DA:274,0
DA:275,0
DA:276,0
DA:291,0
LF:64
LH:0
BRDA:39,0,0,0
BRDA:51,1,0,0
BRDA:51,1,1,0
BRDA:52,2,0,0
BRDA:52,2,1,0
BRDA:53,3,0,0
BRDA:53,3,1,0
BRDA:54,4,0,0
BRDA:54,4,1,0
BRDA:56,5,0,0
BRDA:56,5,1,0
BRDA:61,6,0,0
BRDA:61,6,1,0
BRDA:64,7,0,0
BRDA:102,8,0,0
BRDA:102,8,1,0
BRDA:107,9,0,0
BRDA:122,10,0,0
BRDA:122,10,1,0
BRDA:134,11,0,0
BRDA:142,12,0,0
BRDA:142,12,1,0
BRDA:156,13,0,0
BRDA:164,14,0,0
BRDA:164,14,1,0
BRDA:178,15,0,0
BRDA:209,16,0,0
BRDA:209,16,1,0
BRDA:214,17,0,0
BRDA:214,17,1,0
BRDA:223,18,0,0
BRDA:247,19,0,0
BRDA:247,19,1,0
BRDA:249,20,0,0
BRDA:286,21,0,0
BRDA:286,21,1,0
BRDA:292,22,0,0
BRDA:292,22,1,0
BRF:38
BRH:0
end_of_record
TN:
SF:src\components\assets\AssetList.tsx
FN:20,(anonymous_4)
FN:34,(anonymous_5)
FN:40,(anonymous_6)
FN:47,(anonymous_7)
FN:51,(anonymous_8)
FN:51,(anonymous_9)
FN:55,(anonymous_10)
FN:55,(anonymous_11)
FN:59,(anonymous_12)
FN:64,(anonymous_13)
FN:81,(anonymous_14)
FN:122,(anonymous_15)
FN:129,(anonymous_16)
FN:144,(anonymous_17)
FN:156,(anonymous_18)
FN:171,(anonymous_19)
FN:183,(anonymous_20)
FN:197,(anonymous_21)
FN:230,(anonymous_22)
FN:273,(anonymous_23)
FN:279,(anonymous_24)
FNF:21
FNH:0
FNDA:0,(anonymous_4)
FNDA:0,(anonymous_5)
FNDA:0,(anonymous_6)
FNDA:0,(anonymous_7)
FNDA:0,(anonymous_8)
FNDA:0,(anonymous_9)
FNDA:0,(anonymous_10)
FNDA:0,(anonymous_11)
FNDA:0,(anonymous_12)
FNDA:0,(anonymous_13)
FNDA:0,(anonymous_14)
FNDA:0,(anonymous_15)
FNDA:0,(anonymous_16)
FNDA:0,(anonymous_17)
FNDA:0,(anonymous_18)
FNDA:0,(anonymous_19)
FNDA:0,(anonymous_20)
FNDA:0,(anonymous_21)
FNDA:0,(anonymous_22)
FNDA:0,(anonymous_23)
FNDA:0,(anonymous_24)
DA:3,0
DA:4,0
DA:5,0
DA:6,0
DA:7,0
DA:8,0
DA:9,0
DA:10,0
DA:11,0
DA:12,0
DA:13,0
DA:14,0
DA:15,0
DA:20,0
DA:21,0
DA:22,0
DA:23,0
DA:24,0
DA:25,0
DA:26,0
DA:27,0
DA:28,0
DA:30,0
DA:31,0
DA:34,0
DA:40,0
DA:45,0
DA:47,0
DA:48,0
DA:51,0
DA:52,0
DA:55,0
DA:56,0
DA:59,0
DA:60,0
DA:61,0
DA:64,0
DA:65,0
DA:66,0
DA:67,0
DA:68,0
DA:69,0
DA:72,0
DA:75,0
DA:81,0
DA:122,0
DA:129,0
DA:144,0
DA:157,0
DA:172,0
DA:183,0
DA:197,0
DA:231,0
DA:274,0
DA:279,0
LF:55
LH:0
BRDA:35,0,0,0
BRDA:35,0,1,0
BRDA:36,1,0,0
BRDA:36,1,1,0
BRDA:37,2,0,0
BRDA:37,2,1,0
BRDA:72,3,0,0
BRDA:72,3,1,0
BRDA:72,3,2,0
BRDA:72,3,3,0
BRDA:72,3,4,0
BRDA:75,4,0,0
BRDA:112,5,0,0
BRDA:120,6,0,0
BRDA:120,6,1,0
BRDA:127,7,0,0
BRDA:127,7,1,0
BRDA:197,8,0,0
BRDA:197,8,1,0
BRDA:199,9,0,0
BRDA:204,10,0,0
BRDA:218,11,0,0
BRDA:218,11,1,0
BRDA:218,12,0,0
BRDA:218,12,1,0
BRDA:224,13,0,0
BRDA:224,13,1,0
BRDA:228,14,0,0
BRDA:228,14,1,0
BRDA:245,15,0,0
BRDA:245,15,1,0
BRDA:254,16,0,0
BRDA:254,16,1,0
BRDA:260,17,0,0
BRDA:286,18,0,0
BRF:35
BRH:0
end_of_record
TN:
SF:src\components\assets\CategoryManager.tsx
FN:34,(anonymous_4)
FN:53,(anonymous_5)
FN:86,(anonymous_6)
FN:94,(anonymous_7)
FN:95,(anonymous_8)
FN:163,(anonymous_9)
FN:185,(anonymous_10)
FN:217,(anonymous_11)
FN:220,(anonymous_12)
FN:228,(anonymous_13)
FN:243,(anonymous_14)
FN:252,(anonymous_15)
FN:257,(anonymous_16)
FN:265,(anonymous_17)
FN:275,(anonymous_18)
FN:312,(anonymous_19)
FN:346,(anonymous_20)
FN:370,(anonymous_21)
FN:374,(anonymous_22)
FNF:19
FNH:0
FNDA:0,(anonymous_4)
FNDA:0,(anonymous_5)
FNDA:0,(anonymous_6)
FNDA:0,(anonymous_7)
FNDA:0,(anonymous_8)
FNDA:0,(anonymous_9)
FNDA:0,(anonymous_10)
FNDA:0,(anonymous_11)
FNDA:0,(anonymous_12)
FNDA:0,(anonymous_13)
FNDA:0,(anonymous_14)
FNDA:0,(anonymous_15)
FNDA:0,(anonymous_16)
FNDA:0,(anonymous_17)
FNDA:0,(anonymous_18)
FNDA:0,(anonymous_19)
FNDA:0,(anonymous_20)
FNDA:0,(anonymous_21)
FNDA:0,(anonymous_22)
DA:3,0
DA:4,0
DA:5,0
DA:6,0
DA:7,0
DA:8,0
DA:9,0
DA:10,0
DA:11,0
DA:12,0
DA:13,0
DA:14,0
DA:15,0
DA:16,0
DA:19,0
DA:34,0
DA:40,0
DA:42,0
DA:53,0
DA:54,0
DA:55,0
DA:56,0
DA:57,0
DA:58,0
DA:61,0
DA:63,0
DA:86,0
DA:94,0
DA:96,0
DA:163,0
DA:169,0
DA:170,0
DA:185,0
DA:217,0
DA:220,0
DA:229,0
DA:243,0
DA:244,0
DA:245,0
DA:246,0
DA:248,0
DA:250,0
DA:252,0
DA:253,0
DA:254,0
DA:257,0
DA:258,0
DA:259,0
DA:260,0
DA:261,0
DA:265,0
DA:266,0
DA:267,0
DA:268,0
DA:270,0
DA:275,0
DA:276,0
DA:277,0
DA:280,0
DA:312,0
DA:347,0
DA:371,0
DA:372,0
DA:374,0
LF:64
LH:0
BRDA:45,0,0,0
BRDA:45,0,1,0
BRDA:46,1,0,0
BRDA:46,1,1,0
BRDA:47,2,0,0
BRDA:47,2,1,0
BRDA:48,3,0,0
BRDA:48,3,1,0
BRDA:49,4,0,0
BRDA:49,4,1,0
BRDA:57,5,0,0
BRDA:77,6,0,0
BRDA:85,7,0,0
BRDA:85,7,1,0
BRDA:86,8,0,0
BRDA:86,8,1,0
BRDA:144,9,0,0
BRDA:144,9,1,0
BRDA:144,10,0,0
BRDA:144,10,1,0
BRDA:146,11,0,0
BRDA:170,12,0,0
BRDA:170,12,1,0
BRDA:176,13,0,0
BRDA:176,13,1,0
BRDA:179,14,0,0
BRDA:179,14,1,0
BRDA:183,15,0,0
BRDA:189,16,0,0
BRDA:205,17,0,0
BRDA:212,18,0,0
BRDA:226,19,0,0
BRDA:226,19,1,0
BRDA:258,20,0,0
BRDA:266,21,0,0
BRDA:280,22,0,0
BRDA:325,23,0,0
BRDA:329,24,0,0
BRDA:366,25,0,0
BRF:39
BRH:0
end_of_record
TN:
SF:src\components\auth\AuthForm.tsx
FN:23,(anonymous_1)
FN:36,(anonymous_2)
FN:49,(anonymous_3)
FN:50,(anonymous_4)
FN:82,(anonymous_5)
FN:96,(anonymous_6)
FN:110,(anonymous_7)
FN:322,(anonymous_8)
FNF:8
FNH:0
FNDA:0,(anonymous_1)
FNDA:0,(anonymous_2)
FNDA:0,(anonymous_3)
FNDA:0,(anonymous_4)
FNDA:0,(anonymous_5)
FNDA:0,(anonymous_6)
FNDA:0,(anonymous_7)
FNDA:0,(anonymous_8)
DA:3,0
DA:4,0
DA:5,0
DA:6,0
DA:7,0
DA:8,0
DA:9,0
DA:13,0
DA:18,0
DA:23,0
DA:36,0
DA:40,0
DA:41,0
DA:42,0
DA:43,0
DA:45,0
DA:46,0
DA:49,0
DA:50,0
DA:51,0
DA:52,0
DA:53,0
DA:54,0
DA:55,0
DA:56,0
DA:58,0
DA:61,0
DA:66,0
DA:70,0
DA:75,0
DA:82,0
DA:83,0
DA:84,0
DA:86,0
DA:87,0
DA:88,0
DA:90,0
DA:92,0
DA:96,0
DA:97,0
DA:98,0
DA:100,0
DA:101,0
DA:102,0
DA:104,0
DA:106,0
DA:110,0
DA:111,0
DA:112,0
DA:114,0
DA:115,0
DA:121,0
DA:123,0
DA:125,0
DA:322,0
LF:55
LH:0
BRDA:37,0,0,0
BRDA:51,1,0,0
BRDA:54,2,0,0
BRDA:54,2,1,0
BRDA:78,3,0,0
BRDA:78,3,1,0
BRDA:90,4,0,0
BRDA:90,4,1,0
BRDA:104,5,0,0
BRDA:104,5,1,0
BRDA:123,6,0,0
BRDA:123,6,1,0
BRDA:134,7,0,0
BRDA:134,7,1,0
BRDA:136,8,0,0
BRDA:136,8,1,0
BRDA:141,9,0,0
BRDA:144,10,0,0
BRDA:144,10,1,0
BRDA:150,11,0,0
BRDA:194,12,0,0
BRDA:205,13,0,0
BRDA:222,14,0,0
BRDA:234,15,0,0
BRDA:234,15,1,0
BRDA:249,16,0,0
BRDA:267,17,0,0
BRDA:284,18,0,0
BRDA:301,19,0,0
BRDA:313,20,0,0
BRDA:313,20,1,0
BRDA:319,21,0,0
BRDA:322,22,0,0
BRDA:322,22,1,0
BRDA:325,23,0,0
BRDA:325,23,1,0
BRF:36
BRH:0
end_of_record
TN:
SF:src\components\auth\ProtectedRoute.tsx
FN:12,(anonymous_1)
FN:19,(anonymous_2)
FNF:2
FNH:0
FNDA:0,(anonymous_1)
FNDA:0,(anonymous_2)
DA:3,0
DA:4,0
DA:5,0
DA:12,0
DA:16,0
DA:17,0
DA:19,0
DA:20,0
DA:21,0
DA:25,0
DA:33,0
LF:11
LH:0
BRDA:20,0,0,0
BRDA:20,1,0,0
BRDA:20,1,1,0
BRDA:25,2,0,0
BRDA:33,3,0,0
BRDA:34,4,0,0
BRF:6
BRH:0
end_of_record
TN:
SF:src\components\organizations\OrganizationSelector.tsx
FN:11,(anonymous_1)
FN:25,(anonymous_2)
FN:55,(anonymous_3)
FN:83,(anonymous_4)
FN:90,(anonymous_5)
FN:93,(anonymous_6)
FN:122,(anonymous_7)
FN:134,(anonymous_8)
FNF:8
FNH:0
FNDA:0,(anonymous_1)
FNDA:0,(anonymous_2)
FNDA:0,(anonymous_3)
FNDA:0,(anonymous_4)
FNDA:0,(anonymous_5)
FNDA:0,(anonymous_6)
FNDA:0,(anonymous_7)
FNDA:0,(anonymous_8)
DA:3,0
DA:4,0
DA:5,0
DA:11,0
DA:20,0
DA:22,0
DA:23,0
DA:25,0
DA:26,0
DA:27,0
DA:28,0
DA:31,0
DA:32,0
DA:33,0
DA:34,0
DA:36,0
DA:39,0
DA:43,0
DA:55,0
DA:83,0
DA:91,0
DA:93,0
DA:124,0
DA:136,0
LF:24
LH:0
BRDA:12,0,0,0
BRDA:26,1,0,0
BRDA:43,2,0,0
BRDA:43,3,0,0
BRDA:43,3,1,0
BRDA:72,4,0,0
BRDA:72,4,1,0
BRDA:78,5,0,0
BRDA:96,6,0,0
BRDA:96,6,1,0
BRDA:110,7,0,0
BRDA:120,8,0,0
BRF:12
BRH:0
end_of_record
TN:
SF:src\components\providers\OrganizationProvider.tsx
FN:26,(anonymous_3)
FN:38,(anonymous_4)
FN:45,(anonymous_5)
FN:57,(anonymous_6)
FN:58,(anonymous_7)
FN:86,(anonymous_8)
FN:116,(anonymous_9)
FN:126,(anonymous_10)
FN:158,(anonymous_11)
FN:170,(anonymous_12)
FN:203,(anonymous_13)
FNF:11
FNH:0
FNDA:0,(anonymous_3)
FNDA:0,(anonymous_4)
FNDA:0,(anonymous_5)
FNDA:0,(anonymous_6)
FNDA:0,(anonymous_7)
FNDA:0,(anonymous_8)
FNDA:0,(anonymous_9)
FNDA:0,(anonymous_10)
FNDA:0,(anonymous_11)
FNDA:0,(anonymous_12)
FNDA:0,(anonymous_13)
DA:3,0
DA:4,0
DA:5,0
DA:6,0
DA:7,0
DA:20,0
DA:26,0
DA:27,0
DA:28,0
DA:29,0
DA:31,0
DA:32,0
DA:33,0
DA:34,0
DA:35,0
DA:38,0
DA:39,0
DA:40,0
DA:41,0
DA:42,0
DA:44,0
DA:45,0
DA:46,0
DA:49,0
DA:51,0
DA:52,0
DA:57,0
DA:58,0
DA:59,0
DA:60,0
DA:61,0
DA:62,0
DA:63,0
DA:64,0
DA:67,0
DA:68,0
DA:69,0
DA:72,0
DA:73,0
DA:75,0
DA:77,0
DA:78,0
DA:82,0
DA:83,0
DA:85,0
DA:86,0
DA:90,0
DA:91,0
DA:94,0
DA:95,0
DA:98,0
DA:99,0
DA:100,0
DA:101,0
DA:105,0
DA:106,0
DA:108,0
DA:112,0
DA:116,0
DA:117,0
DA:118,0
DA:121,0
DA:122,0
DA:123,0
DA:126,0
DA:128,0
DA:130,0
DA:132,0
DA:136,0
DA:137,0
DA:138,0
DA:141,0
DA:142,0
DA:145,0
DA:146,0
DA:147,0
DA:150,0
DA:151,0
DA:153,0
DA:158,0
DA:159,0
DA:161,0
DA:162,0
DA:163,0
DA:165,0
DA:166,0
DA:169,0
DA:170,0
DA:171,0
DA:172,0
DA:173,0
DA:178,0
DA:179,0
DA:181,0
DA:185,0
DA:203,0
DA:204,0
DA:205,0
DA:206,0
DA:208,0
LF:100
LH:0
BRDA:59,0,0,0
BRDA:75,1,0,0
BRDA:85,2,0,0
BRDA:86,3,0,0
BRDA:86,3,1,0
BRDA:90,4,0,0
BRDA:95,5,0,0
BRDA:95,5,1,0
BRDA:98,6,0,0
BRDA:98,7,0,0
BRDA:98,7,1,0
BRDA:105,8,0,0
BRDA:105,8,1,0
BRDA:117,9,0,0
BRDA:128,10,0,0
BRDA:137,11,0,0
BRDA:150,12,0,0
BRDA:150,12,1,0
BRDA:159,13,0,0
BRDA:169,14,0,0
BRDA:171,15,0,0
BRDA:173,16,0,0
BRDA:173,16,1,0
BRDA:178,17,0,0
BRDA:178,17,1,0
BRDA:205,18,0,0
BRF:26
BRH:0
end_of_record
TN:
SF:src\components\spaces\SpaceManager.tsx
FN:39,(anonymous_4)
FN:63,(anonymous_5)
FN:96,(anonymous_6)
FN:104,(anonymous_7)
FN:105,(anonymous_8)
FN:178,(anonymous_9)
FN:199,(anonymous_10)
FN:210,(anonymous_11)
FN:235,(anonymous_12)
FN:238,(anonymous_13)
FN:246,(anonymous_14)
FN:262,(anonymous_15)
FN:271,(anonymous_16)
FN:276,(anonymous_17)
FN:284,(anonymous_18)
FN:294,(anonymous_19)
FN:331,(anonymous_20)
FN:365,(anonymous_21)
FN:390,(anonymous_22)
FN:394,(anonymous_23)
FNF:20
FNH:0
FNDA:0,(anonymous_4)
FNDA:0,(anonymous_5)
FNDA:0,(anonymous_6)
FNDA:0,(anonymous_7)
FNDA:0,(anonymous_8)
FNDA:0,(anonymous_9)
FNDA:0,(anonymous_10)
FNDA:0,(anonymous_11)
FNDA:0,(anonymous_12)
FNDA:0,(anonymous_13)
FNDA:0,(anonymous_14)
FNDA:0,(anonymous_15)
FNDA:0,(anonymous_16)
FNDA:0,(anonymous_17)
FNDA:0,(anonymous_18)
FNDA:0,(anonymous_19)
FNDA:0,(anonymous_20)
FNDA:0,(anonymous_21)
FNDA:0,(anonymous_22)
FNDA:0,(anonymous_23)
DA:3,0
DA:4,0
DA:5,0
DA:6,0
DA:7,0
DA:8,0
DA:9,0
DA:10,0
DA:11,0
DA:12,0
DA:13,0
DA:14,0
DA:15,0
DA:16,0
DA:19,0
DA:39,0
DA:45,0
DA:47,0
DA:63,0
DA:64,0
DA:65,0
DA:66,0
DA:67,0
DA:68,0
DA:71,0
DA:73,0
DA:96,0
DA:104,0
DA:106,0
DA:178,0
DA:185,0
DA:186,0
DA:187,0
DA:199,0
DA:211,0
DA:235,0
DA:238,0
DA:247,0
DA:262,0
DA:263,0
DA:264,0
DA:265,0
DA:267,0
DA:269,0
DA:271,0
DA:272,0
DA:273,0
DA:276,0
DA:277,0
DA:278,0
DA:279,0
DA:280,0
DA:284,0
DA:285,0
DA:286,0
DA:287,0
DA:289,0
DA:294,0
DA:295,0
DA:296,0
DA:299,0
DA:331,0
DA:366,0
DA:391,0
DA:392,0
DA:394,0
LF:66
LH:0
BRDA:50,0,0,0
BRDA:50,0,1,0
BRDA:51,1,0,0
BRDA:51,1,1,0
BRDA:52,2,0,0
BRDA:52,2,1,0
BRDA:54,3,0,0
BRDA:54,3,1,0
BRDA:56,4,0,0
BRDA:56,4,1,0
BRDA:57,5,0,0
BRDA:57,5,1,0
BRDA:67,6,0,0
BRDA:87,7,0,0
BRDA:95,8,0,0
BRDA:95,8,1,0
BRDA:96,9,0,0
BRDA:96,9,1,0
BRDA:158,10,0,0
BRDA:158,10,1,0
BRDA:158,11,0,0
BRDA:158,11,1,0
BRDA:160,12,0,0
BRDA:186,13,0,0
BRDA:186,13,1,0
BRDA:193,14,0,0
BRDA:193,14,1,0
BRDA:197,15,0,0
BRDA:202,16,0,0
BRDA:202,16,1,0
BRDA:212,17,0,0
BRDA:213,18,0,0
BRDA:213,18,1,0
BRDA:219,19,0,0
BRDA:222,20,0,0
BRDA:230,21,0,0
BRDA:244,22,0,0
BRDA:244,22,1,0
BRDA:277,23,0,0
BRDA:285,24,0,0
BRDA:299,25,0,0
BRDA:344,26,0,0
BRDA:348,27,0,0
BRDA:386,28,0,0
BRF:44
BRH:0
end_of_record
TN:
SF:src\components\tasks\TaskCard.tsx
FN:35,(anonymous_4)
FN:42,(anonymous_5)
FN:46,(anonymous_6)
FN:52,(anonymous_7)
FN:56,(anonymous_8)
FN:159,(anonymous_9)
FN:169,(anonymous_10)
FN:176,(anonymous_11)
FN:186,(anonymous_12)
FNF:9
FNH:0
FNDA:0,(anonymous_4)
FNDA:0,(anonymous_5)
FNDA:0,(anonymous_6)
FNDA:0,(anonymous_7)
FNDA:0,(anonymous_8)
FNDA:0,(anonymous_9)
FNDA:0,(anonymous_10)
FNDA:0,(anonymous_11)
FNDA:0,(anonymous_12)
DA:3,0
DA:4,0
DA:5,0
DA:6,0
DA:7,0
DA:9,0
DA:11,0
DA:21,0
DA:28,0
DA:35,0
DA:42,0
DA:43,0
DA:46,0
DA:47,0
DA:48,0
DA:52,0
DA:53,0
DA:54,0
DA:56,0
DA:159,0
DA:169,0
DA:176,0
DA:186,0
DA:198,0
LF:24
LH:0
BRDA:47,0,0,0
BRDA:54,1,0,0
BRDA:54,1,1,0
BRDA:70,2,0,0
BRDA:85,3,0,0
BRDA:105,4,0,0
BRDA:124,5,0,0
BRDA:132,6,0,0
BRDA:136,7,0,0
BRDA:136,7,1,0
BRDA:136,8,0,0
BRDA:136,8,1,0
BRDA:146,9,0,0
BRDA:155,10,0,0
BRDA:164,11,0,0
BRDA:182,12,0,0
BRF:16
BRH:0
end_of_record
TN:
SF:src\components\tasks\TaskDetailView.tsx
FN:51,(anonymous_4)
FN:65,(anonymous_5)
FN:69,(anonymous_6)
FN:76,(anonymous_7)
FN:77,(anonymous_8)
FN:83,(anonymous_9)
FN:99,(anonymous_10)
FN:105,(anonymous_11)
FN:113,(anonymous_12)
FN:116,(anonymous_13)
FN:231,(anonymous_14)
FN:234,(anonymous_15)
FN:284,(anonymous_16)
FN:293,(anonymous_17)
FN:311,(anonymous_18)
FN:328,(anonymous_19)
FN:351,(anonymous_20)
FN:364,(anonymous_21)
FN:371,(anonymous_22)
FN:378,(anonymous_23)
FN:389,(anonymous_24)
FNF:21
FNH:0
FNDA:0,(anonymous_4)
FNDA:0,(anonymous_5)
FNDA:0,(anonymous_6)
FNDA:0,(anonymous_7)
FNDA:0,(anonymous_8)
FNDA:0,(anonymous_9)
FNDA:0,(anonymous_10)
FNDA:0,(anonymous_11)
FNDA:0,(anonymous_12)
FNDA:0,(anonymous_13)
FNDA:0,(anonymous_14)
FNDA:0,(anonymous_15)
FNDA:0,(anonymous_16)
FNDA:0,(anonymous_17)
FNDA:0,(anonymous_18)
FNDA:0,(anonymous_19)
FNDA:0,(anonymous_20)
FNDA:0,(anonymous_21)
FNDA:0,(anonymous_22)
FNDA:0,(anonymous_23)
FNDA:0,(anonymous_24)
DA:3,0
DA:4,0
DA:5,0
DA:6,0
DA:7,0
DA:8,0
DA:9,0
DA:10,0
DA:22,0
DA:24,0
DA:25,0
DA:26,0
DA:37,0
DA:44,0
DA:51,0
DA:59,0
DA:60,0
DA:61,0
DA:63,0
DA:65,0
DA:66,0
DA:69,0
DA:70,0
DA:71,0
DA:72,0
DA:76,0
DA:77,0
DA:78,0
DA:80,0
DA:83,0
DA:84,0
DA:85,0
DA:86,0
DA:89,0
DA:95,0
DA:96,0
DA:99,0
DA:100,0
DA:101,0
DA:105,0
DA:106,0
DA:109,0
DA:110,0
DA:113,0
DA:114,0
DA:115,0
DA:116,0
DA:232,0
DA:234,0
DA:284,0
DA:293,0
DA:312,0
DA:328,0
DA:351,0
DA:364,0
DA:371,0
DA:378,0
DA:389,0
LF:58
LH:0
BRDA:70,0,0,0
BRDA:78,1,0,0
BRDA:78,1,1,0
BRDA:84,2,0,0
BRDA:84,3,0,0
BRDA:84,3,1,0
BRDA:92,4,0,0
BRDA:92,4,1,0
BRDA:100,5,0,0
BRDA:106,6,0,0
BRDA:106,7,0,0
BRDA:106,7,1,0
BRDA:115,8,0,0
BRDA:115,8,1,0
BRDA:154,9,0,0
BRDA:169,10,0,0
BRDA:175,11,0,0
BRDA:175,11,1,0
BRDA:175,12,0,0
BRDA:175,12,1,0
BRDA:185,13,0,0
BRDA:195,14,0,0
BRDA:200,15,0,0
BRDA:203,16,0,0
BRDA:213,17,0,0
BRDA:238,18,0,0
BRDA:244,19,0,0
BRDA:244,19,1,0
BRDA:250,20,0,0
BRDA:250,20,1,0
BRDA:308,21,0,0
BRDA:308,21,1,0
BRDA:317,22,0,0
BRDA:348,23,0,0
BRDA:357,24,0,0
BRDA:385,25,0,0
BRDA:414,26,0,0
BRDA:422,27,0,0
BRF:38
BRH:0
end_of_record
TN:
SF:src\components\tasks\TaskForm.tsx
FN:45,(anonymous_6)
FN:65,(anonymous_7)
FN:81,(anonymous_8)
FN:92,(anonymous_9)
FN:114,(anonymous_10)
FN:152,(anonymous_11)
FN:158,(anonymous_12)
FN:178,(anonymous_13)
FN:185,(anonymous_14)
FN:226,(anonymous_15)
FN:238,(anonymous_16)
FN:272,(anonymous_17)
FN:293,(anonymous_18)
FN:362,(anonymous_19)
FN:369,(anonymous_20)
FN:386,(anonymous_21)
FNF:16
FNH:0
FNDA:0,(anonymous_6)
FNDA:0,(anonymous_7)
FNDA:0,(anonymous_8)
FNDA:0,(anonymous_9)
FNDA:0,(anonymous_10)
FNDA:0,(anonymous_11)
FNDA:0,(anonymous_12)
FNDA:0,(anonymous_13)
FNDA:0,(anonymous_14)
FNDA:0,(anonymous_15)
FNDA:0,(anonymous_16)
FNDA:0,(anonymous_17)
FNDA:0,(anonymous_18)
FNDA:0,(anonymous_19)
FNDA:0,(anonymous_20)
FNDA:0,(anonymous_21)
DA:3,0
DA:4,0
DA:5,0
DA:6,0
DA:7,0
DA:8,0
DA:9,0
DA:10,0
DA:11,0
DA:12,0
DA:13,0
DA:14,0
DA:15,0
DA:17,0
DA:19,0
DA:45,0
DA:51,0
DA:52,0
DA:54,0
DA:56,0
DA:65,0
DA:76,0
DA:81,0
DA:82,0
DA:83,0
DA:85,0
DA:92,0
DA:101,0
DA:103,0
DA:104,0
DA:105,0
DA:108,0
DA:110,0
DA:114,0
DA:115,0
DA:116,0
DA:120,0
DA:152,0
DA:159,0
DA:178,0
DA:186,0
DA:227,0
DA:238,0
DA:273,0
DA:274,0
DA:293,0
DA:362,0
DA:367,0
DA:369,0
DA:370,0
DA:371,0
DA:386,0
LF:52
LH:0
BRDA:49,0,0,0
BRDA:59,1,0,0
BRDA:59,1,1,0
BRDA:60,2,0,0
BRDA:60,2,1,0
BRDA:61,3,0,0
BRDA:61,3,1,0
BRDA:62,4,0,0
BRDA:62,4,1,0
BRDA:63,5,0,0
BRDA:63,5,1,0
BRDA:64,6,0,0
BRDA:64,6,1,0
BRDA:65,7,0,0
BRDA:65,7,1,0
BRDA:68,8,0,0
BRDA:68,8,1,0
BRDA:69,9,0,0
BRDA:69,9,1,0
BRDA:70,10,0,0
BRDA:70,10,1,0
BRDA:71,11,0,0
BRDA:71,11,1,0
BRDA:89,12,0,0
BRDA:89,12,1,0
BRDA:90,13,0,0
BRDA:90,13,1,0
BRDA:91,14,0,0
BRDA:91,14,1,0
BRDA:93,15,0,0
BRDA:93,15,1,0
BRDA:93,16,0,0
BRDA:93,16,1,0
BRDA:95,17,0,0
BRDA:95,17,1,0
BRDA:96,18,0,0
BRDA:96,18,1,0
BRDA:103,19,0,0
BRDA:115,20,0,0
BRDA:130,21,0,0
BRDA:130,21,1,0
BRDA:143,22,0,0
BRDA:169,23,0,0
BRDA:177,24,0,0
BRDA:177,24,1,0
BRDA:178,25,0,0
BRDA:178,25,1,0
BRDA:212,26,0,0
BRDA:233,27,0,0
BRDA:245,28,0,0
BRDA:250,29,0,0
BRDA:270,30,0,0
BRDA:270,30,1,0
BRDA:278,31,0,0
BRDA:278,31,1,0
BRDA:282,32,0,0
BRDA:342,33,0,0
BRDA:342,33,1,0
BRDA:344,34,0,0
BRDA:381,35,0,0
BRDA:381,35,1,0
BRDA:387,36,0,0
BRDA:387,36,1,0
BRF:63
BRH:0
end_of_record
TN:
SF:src\components\tasks\TaskList.tsx
FN:17,(anonymous_4)
FN:30,(anonymous_5)
FN:37,(anonymous_6)
FN:44,(anonymous_7)
FN:48,(anonymous_8)
FN:48,(anonymous_9)
FN:52,(anonymous_10)
FN:52,(anonymous_11)
FN:56,(anonymous_12)
FN:56,(anonymous_13)
FN:60,(anonymous_14)
FN:65,(anonymous_15)
FN:78,(anonymous_16)
FN:81,(anonymous_17)
FN:82,(anonymous_18)
FN:83,(anonymous_19)
FN:84,(anonymous_20)
FN:98,(anonymous_21)
FN:187,(anonymous_22)
FN:195,(anonymous_23)
FN:212,(anonymous_24)
FN:233,(anonymous_25)
FN:245,(anonymous_26)
FN:261,(anonymous_27)
FN:290,(anonymous_28)
FN:336,(anonymous_29)
FN:342,(anonymous_30)
FNF:27
FNH:0
FNDA:0,(anonymous_4)
FNDA:0,(anonymous_5)
FNDA:0,(anonymous_6)
FNDA:0,(anonymous_7)
FNDA:0,(anonymous_8)
FNDA:0,(anonymous_9)
FNDA:0,(anonymous_10)
FNDA:0,(anonymous_11)
FNDA:0,(anonymous_12)
FNDA:0,(anonymous_13)
FNDA:0,(anonymous_14)
FNDA:0,(anonymous_15)
FNDA:0,(anonymous_16)
FNDA:0,(anonymous_17)
FNDA:0,(anonymous_18)
FNDA:0,(anonymous_19)
FNDA:0,(anonymous_20)
FNDA:0,(anonymous_21)
FNDA:0,(anonymous_22)
FNDA:0,(anonymous_23)
FNDA:0,(anonymous_24)
FNDA:0,(anonymous_25)
FNDA:0,(anonymous_26)
FNDA:0,(anonymous_27)
FNDA:0,(anonymous_28)
FNDA:0,(anonymous_29)
FNDA:0,(anonymous_30)
DA:3,0
DA:4,0
DA:5,0
DA:6,0
DA:7,0
DA:8,0
DA:9,0
DA:10,0
DA:11,0
DA:12,0
DA:13,0
DA:14,0
DA:17,0
DA:18,0
DA:19,0
DA:20,0
DA:21,0
DA:22,0
DA:23,0
DA:24,0
DA:25,0
DA:27,0
DA:30,0
DA:37,0
DA:42,0
DA:44,0
DA:45,0
DA:48,0
DA:49,0
DA:52,0
DA:53,0
DA:56,0
DA:57,0
DA:60,0
DA:61,0
DA:62,0
DA:65,0
DA:66,0
DA:67,0
DA:68,0
DA:69,0
DA:70,0
DA:71,0
DA:74,0
DA:78,0
DA:79,0
DA:81,0
DA:82,0
DA:83,0
DA:85,0
DA:92,0
DA:98,0
DA:187,0
DA:195,0
DA:212,0
DA:234,0
DA:245,0
DA:261,0
DA:291,0
DA:337,0
DA:342,0
LF:61
LH:0
BRDA:31,0,0,0
BRDA:31,0,1,0
BRDA:32,1,0,0
BRDA:32,1,1,0
BRDA:33,2,0,0
BRDA:33,2,1,0
BRDA:34,3,0,0
BRDA:34,3,1,0
BRDA:74,4,0,0
BRDA:74,4,1,0
BRDA:74,4,2,0
BRDA:74,4,3,0
BRDA:74,4,4,0
BRDA:74,4,5,0
BRDA:85,5,0,0
BRDA:85,5,1,0
BRDA:85,5,2,0
BRDA:92,6,0,0
BRDA:172,7,0,0
BRDA:195,8,0,0
BRDA:195,8,1,0
BRDA:212,9,0,0
BRDA:212,9,1,0
BRDA:261,10,0,0
BRDA:261,10,1,0
BRDA:263,11,0,0
BRDA:268,12,0,0
BRDA:282,13,0,0
BRDA:282,13,1,0
BRDA:282,14,0,0
BRDA:282,14,1,0
BRDA:288,15,0,0
BRDA:288,15,1,0
BRDA:308,16,0,0
BRDA:308,16,1,0
BRDA:317,17,0,0
BRDA:317,17,1,0
BRDA:323,18,0,0
BRDA:350,19,0,0
BRF:39
BRH:0
end_of_record
TN:
SF:src\components\ui\badge.tsx
FN:30,Badge
FNF:1
FNH:0
FNDA:0,Badge
DA:1,0
DA:2,0
DA:4,0
DA:6,0
DA:36,0
LF:5
LH:0
BRF:0
BRH:0
end_of_record
TN:
SF:src\components\ui\button.tsx
FN:42,(anonymous_6)
FNF:1
FNH:0
FNDA:0,(anonymous_6)
DA:1,0
DA:2,0
DA:3,0
DA:4,0
DA:6,0
DA:41,0
DA:43,0
DA:53,0
DA:55,0
LF:9
LH:0
BRDA:42,0,0,0
BRDA:43,1,0,0
BRDA:43,1,1,0
BRF:3
BRH:0
end_of_record
TN:
SF:src\components\ui\card.tsx
FNF:0
FNH:0
DA:1,0
DA:2,0
DA:17,0
DA:29,0
DA:44,0
DA:56,0
DA:64,0
DA:76,0
DA:78,0
LF:9
LH:0
BRF:0
BRH:0
end_of_record
TN:
SF:src\components\ui\dialog.tsx
FNF:0
FNH:0
DA:1,0
DA:2,0
DA:3,0
DA:4,0
DA:6,0
DA:8,0
DA:10,0
DA:12,0
DA:27,0
DA:51,0
DA:65,0
DA:79,0
DA:94,0
DA:106,0
DA:109,0
DA:110,0
DA:111,0
DA:112,0
DA:113,0
DA:114,0
DA:115,0
DA:116,0
DA:117,0
DA:118,0
LF:24
LH:0
BRF:0
BRH:0
end_of_record
TN:
SF:src\components\ui\input.tsx
FN:8,(anonymous_4)
FNF:1
FNH:0
FNDA:0,(anonymous_4)
DA:1,0
DA:2,0
DA:7,0
DA:22,0
DA:24,0
LF:5
LH:0
BRF:0
BRH:0
end_of_record
TN:
SF:src\components\ui\label.tsx
FNF:0
FNH:0
DA:3,0
DA:4,0
DA:5,0
DA:7,0
DA:9,0
DA:24,0
DA:26,0
LF:7
LH:0
BRF:0
BRH:0
end_of_record
TN:
SF:src\components\ui\select.tsx
FNF:0
FNH:0
DA:3,0
DA:4,0
DA:5,0
DA:7,0
DA:9,0
DA:11,0
DA:13,0
DA:33,0
DA:50,0
DA:67,0
DA:100,0
DA:112,0
DA:135,0
DA:147,0
DA:150,0
DA:151,0
DA:152,0
DA:153,0
DA:154,0
DA:155,0
DA:156,0
DA:157,0
DA:158,0
DA:159,0
LF:24
LH:0
BRDA:73,0,0,0
BRDA:79,1,0,0
BRDA:79,1,1,0
BRDA:90,2,0,0
BRDA:90,2,1,0
BRF:5
BRH:0
end_of_record
TN:
SF:src\components\ui\textarea.tsx
FN:9,(anonymous_4)
FNF:1
FNH:0
FNDA:0,(anonymous_4)
DA:1,0
DA:3,0
DA:8,0
DA:22,0
DA:24,0
LF:5
LH:0
BRF:0
BRH:0
end_of_record
TN:
SF:src\hooks\useAssets.ts
FN:23,(anonymous_1)
FN:38,(anonymous_2)
FN:65,(anonymous_3)
FN:82,(anonymous_4)
FN:97,(anonymous_5)
FN:98,(anonymous_6)
FN:109,(anonymous_7)
FN:110,(anonymous_8)
FN:122,(anonymous_9)
FN:152,(anonymous_10)
FN:184,(anonymous_11)
FN:208,(anonymous_12)
FN:212,(anonymous_13)
FNF:13
FNH:0
FNDA:0,(anonymous_1)
FNDA:0,(anonymous_2)
FNDA:0,(anonymous_3)
FNDA:0,(anonymous_4)
FNDA:0,(anonymous_5)
FNDA:0,(anonymous_6)
FNDA:0,(anonymous_7)
FNDA:0,(anonymous_8)
FNDA:0,(anonymous_9)
FNDA:0,(anonymous_10)
FNDA:0,(anonymous_11)
FNDA:0,(anonymous_12)
FNDA:0,(anonymous_13)
DA:3,0
DA:4,0
DA:5,0
DA:6,0
DA:7,0
DA:9,0
DA:10,0
DA:11,0
DA:23,0
DA:27,0
DA:28,0
DA:29,0
DA:31,0
DA:32,0
DA:34,0
DA:38,0
DA:39,0
DA:42,0
DA:43,0
DA:45,0
DA:46,0
DA:48,0
DA:49,0
DA:51,0
DA:52,0
DA:56,0
DA:57,0
DA:59,0
DA:62,0
DA:65,0
DA:66,0
DA:67,0
DA:68,0
DA:69,0
DA:72,0
DA:73,0
DA:74,0
DA:76,0
DA:77,0
DA:80,0
DA:81,0
DA:82,0
DA:83,0
DA:88,0
DA:90,0
DA:91,0
DA:93,0
DA:97,0
DA:98,0
DA:99,0
DA:100,0
DA:102,0
DA:103,0
DA:106,0
DA:109,0
DA:110,0
DA:111,0
DA:112,0
DA:113,0
DA:115,0
DA:119,0
DA:122,0
DA:123,0
DA:124,0
DA:127,0
DA:128,0
DA:131,0
DA:134,0
DA:135,0
DA:145,0
DA:147,0
DA:148,0
DA:152,0
DA:153,0
DA:154,0
DA:157,0
DA:158,0
DA:160,0
DA:163,0
DA:165,0
DA:166,0
DA:167,0
DA:171,0
DA:174,0
DA:177,0
DA:179,0
DA:180,0
DA:184,0
DA:185,0
DA:186,0
DA:189,0
DA:190,0
DA:193,0
DA:194,0
DA:195,0
DA:198,0
DA:201,0
DA:203,0
DA:204,0
DA:208,0
DA:209,0
DA:212,0
DA:213,0
DA:216,0
LF:104
LH:0
BRDA:34,0,0,0
BRDA:34,0,1,0
BRDA:34,1,0,0
BRDA:34,1,1,0
BRDA:42,2,0,0
BRDA:45,3,0,0
BRDA:48,4,0,0
BRDA:51,5,0,0
BRDA:56,6,0,0
BRDA:56,6,1,0
BRDA:66,7,0,0
BRDA:80,8,0,0
BRDA:83,9,0,0
BRDA:83,9,1,0
BRDA:91,10,0,0
BRDA:91,10,1,0
BRDA:123,11,0,0
BRDA:123,12,0,0
BRDA:123,12,1,0
BRDA:153,13,0,0
BRDA:163,14,0,0
BRDA:166,15,0,0
BRDA:185,16,0,0
BRDA:194,17,0,0
BRF:24
BRH:0
end_of_record
TN:
SF:src\hooks\useAuth.ts
FN:7,(anonymous_1)
FN:19,(anonymous_2)
FN:21,(anonymous_3)
FN:22,(anonymous_4)
FN:31,(anonymous_5)
FN:40,(anonymous_6)
FN:42,(anonymous_7)
FN:45,(anonymous_8)
FN:54,(anonymous_9)
FN:56,(anonymous_10)
FN:59,(anonymous_11)
FN:68,(anonymous_12)
FN:75,(anonymous_13)
FN:78,(anonymous_14)
FN:87,(anonymous_15)
FN:89,(anonymous_16)
FN:92,(anonymous_17)
FNF:17
FNH:0
FNDA:0,(anonymous_1)
FNDA:0,(anonymous_2)
FNDA:0,(anonymous_3)
FNDA:0,(anonymous_4)
FNDA:0,(anonymous_5)
FNDA:0,(anonymous_6)
FNDA:0,(anonymous_7)
FNDA:0,(anonymous_8)
FNDA:0,(anonymous_9)
FNDA:0,(anonymous_10)
FNDA:0,(anonymous_11)
FNDA:0,(anonymous_12)
FNDA:0,(anonymous_13)
FNDA:0,(anonymous_14)
FNDA:0,(anonymous_15)
FNDA:0,(anonymous_16)
FNDA:0,(anonymous_17)
DA:3,0
DA:5,0
DA:7,0
DA:13,0
DA:19,0
DA:21,0
DA:22,0
DA:30,0
DA:31,0
DA:37,0
DA:40,0
DA:41,0
DA:42,0
DA:43,0
DA:45,0
DA:50,0
DA:54,0
DA:55,0
DA:56,0
DA:57,0
DA:59,0
DA:64,0
DA:68,0
DA:74,0
DA:75,0
DA:76,0
DA:78,0
DA:83,0
DA:87,0
DA:88,0
DA:89,0
DA:90,0
DA:92,0
DA:97,0
DA:101,0
LF:35
LH:0
BRDA:48,0,0,0
BRDA:48,0,1,0
BRDA:62,1,0,0
BRDA:62,1,1,0
BRDA:81,2,0,0
BRDA:81,2,1,0
BRDA:95,3,0,0
BRDA:95,3,1,0
BRF:8
BRH:0
end_of_record
TN:
SF:src\hooks\useCategories.ts
FN:22,(anonymous_1)
FN:34,(anonymous_2)
FN:60,(anonymous_3)
FN:81,(anonymous_4)
FN:98,(anonymous_5)
FN:107,(anonymous_6)
FN:122,(anonymous_7)
FN:123,(anonymous_8)
FN:125,(anonymous_9)
FN:126,(anonymous_10)
FN:135,(anonymous_11)
FN:139,(anonymous_12)
FNF:12
FNH:0
FNDA:0,(anonymous_1)
FNDA:0,(anonymous_2)
FNDA:0,(anonymous_3)
FNDA:0,(anonymous_4)
FNDA:0,(anonymous_5)
FNDA:0,(anonymous_6)
FNDA:0,(anonymous_7)
FNDA:0,(anonymous_8)
FNDA:0,(anonymous_9)
FNDA:0,(anonymous_10)
FNDA:0,(anonymous_11)
FNDA:0,(anonymous_12)
DA:3,0
DA:4,0
DA:5,0
DA:7,0
DA:8,0
DA:9,0
DA:22,0
DA:23,0
DA:24,0
DA:25,0
DA:27,0
DA:28,0
DA:30,0
DA:34,0
DA:35,0
DA:36,0
DA:37,0
DA:38,0
DA:41,0
DA:42,0
DA:43,0
DA:45,0
DA:46,0
DA:51,0
DA:53,0
DA:54,0
DA:56,0
DA:60,0
DA:63,0
DA:64,0
DA:67,0
DA:68,0
DA:70,0
DA:71,0
DA:74,0
DA:76,0
DA:77,0
DA:81,0
DA:82,0
DA:83,0
DA:86,0
DA:87,0
DA:88,0
DA:91,0
DA:93,0
DA:94,0
DA:98,0
DA:99,0
DA:100,0
DA:103,0
DA:104,0
DA:107,0
DA:108,0
DA:109,0
DA:112,0
DA:115,0
DA:117,0
DA:118,0
DA:122,0
DA:123,0
DA:124,0
DA:125,0
DA:126,0
DA:132,0
DA:135,0
DA:136,0
DA:139,0
DA:140,0
DA:143,0
LF:69
LH:0
BRDA:30,0,0,0
BRDA:30,0,1,0
BRDA:30,1,0,0
BRDA:30,1,1,0
BRDA:35,2,0,0
BRDA:54,3,0,0
BRDA:54,3,1,0
BRDA:63,4,0,0
BRDA:82,5,0,0
BRDA:99,6,0,0
BRDA:108,7,0,0
BRF:11
BRH:0
end_of_record
TN:
SF:src\hooks\useOrganization.ts
FN:26,(anonymous_1)
FN:35,(anonymous_2)
FN:41,(anonymous_3)
FN:81,(anonymous_4)
FN:92,(anonymous_5)
FN:98,(anonymous_6)
FN:102,(anonymous_7)
FN:106,(anonymous_8)
FN:124,(anonymous_9)
FN:135,(anonymous_10)
FN:171,(anonymous_11)
FN:197,(anonymous_12)
FN:223,(anonymous_13)
FN:223,(anonymous_14)
FN:224,(anonymous_15)
FN:236,(anonymous_16)
FN:258,(anonymous_17)
FN:258,(anonymous_18)
FN:262,(anonymous_19)
FNF:19
FNH:0
FNDA:0,(anonymous_1)
FNDA:0,(anonymous_2)
FNDA:0,(anonymous_3)
FNDA:0,(anonymous_4)
FNDA:0,(anonymous_5)
FNDA:0,(anonymous_6)
FNDA:0,(anonymous_7)
FNDA:0,(anonymous_8)
FNDA:0,(anonymous_9)
FNDA:0,(anonymous_10)
FNDA:0,(anonymous_11)
FNDA:0,(anonymous_12)
FNDA:0,(anonymous_13)
FNDA:0,(anonymous_14)
FNDA:0,(anonymous_15)
FNDA:0,(anonymous_16)
FNDA:0,(anonymous_17)
FNDA:0,(anonymous_18)
FNDA:0,(anonymous_19)
DA:3,0
DA:15,0
DA:16,0
DA:17,0
DA:24,0
DA:26,0
DA:27,0
DA:28,0
DA:29,0
DA:30,0
DA:31,0
DA:32,0
DA:35,0
DA:36,0
DA:37,0
DA:38,0
DA:41,0
DA:42,0
DA:43,0
DA:44,0
DA:47,0
DA:48,0
DA:50,0
DA:51,0
DA:54,0
DA:57,0
DA:58,0
DA:59,0
DA:62,0
DA:63,0
DA:66,0
DA:69,0
DA:70,0
DA:72,0
DA:76,0
DA:79,0
DA:82,0
DA:83,0
DA:84,0
DA:87,0
DA:88,0
DA:93,0
DA:94,0
DA:98,0
DA:102,0
DA:103,0
DA:104,0
DA:106,0
DA:107,0
DA:108,0
DA:110,0
DA:111,0
DA:112,0
DA:120,0
DA:123,0
DA:124,0
DA:125,0
DA:128,0
DA:130,0
DA:135,0
DA:136,0
DA:137,0
DA:140,0
DA:141,0
DA:142,0
DA:145,0
DA:146,0
DA:148,0
DA:149,0
DA:152,0
DA:153,0
DA:154,0
DA:158,0
DA:159,0
DA:161,0
DA:163,0
DA:164,0
DA:166,0
DA:171,0
DA:172,0
DA:173,0
DA:176,0
DA:177,0
DA:180,0
DA:181,0
DA:189,0
DA:191,0
DA:192,0
DA:197,0
DA:198,0
DA:199,0
DA:202,0
DA:203,0
DA:206,0
DA:207,0
DA:210,0
DA:211,0
DA:214,0
DA:215,0
DA:217,0
DA:223,0
DA:224,0
DA:230,0
DA:231,0
DA:236,0
DA:237,0
DA:238,0
DA:241,0
DA:242,0
DA:245,0
DA:246,0
DA:249,0
DA:250,0
DA:252,0
DA:258,0
DA:259,0
DA:262,0
DA:271,0
DA:272,0
DA:276,0
LF:120
LH:0
BRDA:36,0,0,0
BRDA:36,1,0,0
BRDA:36,1,1,0
BRDA:50,2,0,0
BRDA:58,3,0,0
BRDA:69,4,0,0
BRDA:69,4,1,0
BRDA:82,5,0,0
BRDA:87,6,0,0
BRDA:88,7,0,0
BRDA:88,7,1,0
BRDA:104,8,0,0
BRDA:110,9,0,0
BRDA:114,10,0,0
BRDA:114,10,1,0
BRDA:115,11,0,0
BRDA:115,11,1,0
BRDA:136,12,0,0
BRDA:148,13,0,0
BRDA:153,14,0,0
BRDA:163,15,0,0
BRDA:163,15,1,0
BRDA:172,16,0,0
BRDA:172,17,0,0
BRDA:172,17,1,0
BRDA:176,18,0,0
BRDA:198,19,0,0
BRDA:198,20,0,0
BRDA:198,20,1,0
BRDA:202,21,0,0
BRDA:206,22,0,0
BRDA:224,23,0,0
BRDA:224,23,1,0
BRDA:237,24,0,0
BRDA:237,25,0,0
BRDA:237,25,1,0
BRDA:241,26,0,0
BRDA:245,27,0,0
BRDA:259,28,0,0
BRDA:259,28,1,0
BRDA:262,29,0,0
BRDA:262,29,1,0
BRF:42
BRH:0
end_of_record
TN:
SF:src\hooks\useSpaces.ts
FN:22,(anonymous_1)
FN:34,(anonymous_2)
FN:60,(anonymous_3)
FN:81,(anonymous_4)
FN:98,(anonymous_5)
FN:107,(anonymous_6)
FN:122,(anonymous_7)
FN:123,(anonymous_8)
FN:125,(anonymous_9)
FN:126,(anonymous_10)
FN:135,(anonymous_11)
FN:139,(anonymous_12)
FNF:12
FNH:0
FNDA:0,(anonymous_1)
FNDA:0,(anonymous_2)
FNDA:0,(anonymous_3)
FNDA:0,(anonymous_4)
FNDA:0,(anonymous_5)
FNDA:0,(anonymous_6)
FNDA:0,(anonymous_7)
FNDA:0,(anonymous_8)
FNDA:0,(anonymous_9)
FNDA:0,(anonymous_10)
FNDA:0,(anonymous_11)
FNDA:0,(anonymous_12)
DA:3,0
DA:4,0
DA:5,0
DA:7,0
DA:8,0
DA:9,0
DA:22,0
DA:23,0
DA:24,0
DA:25,0
DA:27,0
DA:28,0
DA:30,0
DA:34,0
DA:35,0
DA:36,0
DA:37,0
DA:38,0
DA:41,0
DA:42,0
DA:43,0
DA:45,0
DA:46,0
DA:51,0
DA:53,0
DA:54,0
DA:56,0
DA:60,0
DA:63,0
DA:64,0
DA:67,0
DA:68,0
DA:70,0
DA:71,0
DA:74,0
DA:76,0
DA:77,0
DA:81,0
DA:82,0
DA:83,0
DA:86,0
DA:87,0
DA:88,0
DA:91,0
DA:93,0
DA:94,0
DA:98,0
DA:99,0
DA:100,0
DA:103,0
DA:104,0
DA:107,0
DA:108,0
DA:109,0
DA:112,0
DA:115,0
DA:117,0
DA:118,0
DA:122,0
DA:123,0
DA:124,0
DA:125,0
DA:126,0
DA:132,0
DA:135,0
DA:136,0
DA:139,0
DA:140,0
DA:143,0
LF:69
LH:0
BRDA:30,0,0,0
BRDA:30,0,1,0
BRDA:30,1,0,0
BRDA:30,1,1,0
BRDA:35,2,0,0
BRDA:54,3,0,0
BRDA:54,3,1,0
BRDA:63,4,0,0
BRDA:82,5,0,0
BRDA:99,6,0,0
BRDA:108,7,0,0
BRF:11
BRH:0
end_of_record
TN:
SF:src\hooks\useSuggestions.ts
FN:24,(anonymous_1)
FN:33,(anonymous_2)
FN:70,(anonymous_3)
FN:99,(anonymous_4)
FN:102,(anonymous_5)
FN:119,(anonymous_6)
FN:144,(anonymous_7)
FN:144,(anonymous_8)
FN:152,(anonymous_9)
FN:156,(anonymous_10)
FNF:10
FNH:0
FNDA:0,(anonymous_1)
FNDA:0,(anonymous_2)
FNDA:0,(anonymous_3)
FNDA:0,(anonymous_4)
FNDA:0,(anonymous_5)
FNDA:0,(anonymous_6)
FNDA:0,(anonymous_7)
FNDA:0,(anonymous_8)
FNDA:0,(anonymous_9)
FNDA:0,(anonymous_10)
DA:3,0
DA:5,0
DA:6,0
DA:24,0
DA:25,0
DA:26,0
DA:27,0
DA:28,0
DA:30,0
DA:31,0
DA:33,0
DA:34,0
DA:35,0
DA:36,0
DA:37,0
DA:40,0
DA:41,0
DA:42,0
DA:44,0
DA:49,0
DA:50,0
DA:53,0
DA:54,0
DA:56,0
DA:57,0
DA:60,0
DA:61,0
DA:63,0
DA:64,0
DA:66,0
DA:70,0
DA:71,0
DA:72,0
DA:75,0
DA:76,0
DA:77,0
DA:79,0
DA:91,0
DA:93,0
DA:94,0
DA:98,0
DA:99,0
DA:101,0
DA:102,0
DA:105,0
DA:108,0
DA:110,0
DA:113,0
DA:115,0
DA:119,0
DA:120,0
DA:121,0
DA:124,0
DA:125,0
DA:127,0
DA:133,0
DA:137,0
DA:139,0
DA:140,0
DA:144,0
DA:146,0
DA:147,0
DA:148,0
DA:152,0
DA:153,0
DA:156,0
DA:157,0
DA:160,0
LF:68
LH:0
BRDA:34,0,0,0
BRDA:34,1,0,0
BRDA:34,1,1,0
BRDA:49,2,0,0
BRDA:56,3,0,0
BRDA:57,4,0,0
BRDA:57,4,1,0
BRDA:60,5,0,0
BRDA:60,5,1,0
BRDA:61,6,0,0
BRDA:61,6,1,0
BRDA:64,7,0,0
BRDA:64,7,1,0
BRDA:71,8,0,0
BRDA:71,9,0,0
BRDA:71,9,1,0
BRDA:93,10,0,0
BRDA:94,11,0,0
BRDA:94,11,1,0
BRDA:98,12,0,0
BRDA:98,12,1,0
BRDA:101,13,0,0
BRDA:101,14,0,0
BRDA:101,14,1,0
BRDA:108,15,0,0
BRDA:108,15,1,0
BRDA:120,16,0,0
BRDA:120,17,0,0
BRDA:120,17,1,0
BRDA:139,18,0,0
BRDA:140,19,0,0
BRDA:140,19,1,0
BRDA:147,20,0,0
BRDA:147,20,1,0
BRF:34
BRH:0
end_of_record
TN:
SF:src\hooks\useTasks.ts
FN:25,(anonymous_1)
FN:40,(anonymous_2)
FN:73,(anonymous_3)
FN:90,(anonymous_4)
FN:93,(anonymous_5)
FN:106,(anonymous_6)
FN:115,(anonymous_7)
FN:156,(anonymous_8)
FN:168,(anonymous_9)
FN:202,(anonymous_10)
FN:219,(anonymous_11)
FN:256,(anonymous_12)
FN:265,(anonymous_13)
FN:283,(anonymous_14)
FN:322,(anonymous_15)
FN:337,(anonymous_16)
FN:351,(anonymous_17)
FN:355,(anonymous_18)
FNF:18
FNH:0
FNDA:0,(anonymous_1)
FNDA:0,(anonymous_2)
FNDA:0,(anonymous_3)
FNDA:0,(anonymous_4)
FNDA:0,(anonymous_5)
FNDA:0,(anonymous_6)
FNDA:0,(anonymous_7)
FNDA:0,(anonymous_8)
FNDA:0,(anonymous_9)
FNDA:0,(anonymous_10)
FNDA:0,(anonymous_11)
FNDA:0,(anonymous_12)
FNDA:0,(anonymous_13)
FNDA:0,(anonymous_14)
FNDA:0,(anonymous_15)
FNDA:0,(anonymous_16)
FNDA:0,(anonymous_17)
FNDA:0,(anonymous_18)
DA:3,0
DA:4,0
DA:5,0
DA:7,0
DA:8,0
DA:9,0
DA:25,0
DA:29,0
DA:30,0
DA:31,0
DA:33,0
DA:34,0
DA:36,0
DA:40,0
DA:41,0
DA:44,0
DA:45,0
DA:47,0
DA:48,0
DA:50,0
DA:51,0
DA:53,0
DA:54,0
DA:56,0
DA:57,0
DA:59,0
DA:60,0
DA:64,0
DA:65,0
DA:67,0
DA:70,0
DA:73,0
DA:74,0
DA:75,0
DA:76,0
DA:77,0
DA:80,0
DA:81,0
DA:82,0
DA:84,0
DA:85,0
DA:88,0
DA:89,0
DA:90,0
DA:91,0
DA:93,0
DA:97,0
DA:99,0
DA:100,0
DA:102,0
DA:106,0
DA:107,0
DA:108,0
DA:111,0
DA:112,0
DA:115,0
DA:122,0
DA:123,0
DA:124,0
DA:134,0
DA:135,0
DA:149,0
DA:151,0
DA:152,0
DA:156,0
DA:157,0
DA:158,0
DA:161,0
DA:162,0
DA:164,0
DA:167,0
DA:168,0
DA:173,0
DA:177,0
DA:178,0
DA:188,0
DA:189,0
DA:192,0
DA:195,0
DA:197,0
DA:198,0
DA:202,0
DA:203,0
DA:204,0
DA:207,0
DA:208,0
DA:209,0
DA:212,0
DA:214,0
DA:215,0
DA:219,0
DA:224,0
DA:225,0
DA:228,0
DA:229,0
DA:231,0
DA:233,0
DA:234,0
DA:235,0
DA:236,0
DA:237,0
DA:241,0
DA:242,0
DA:243,0
DA:246,0
DA:249,0
DA:251,0
DA:252,0
DA:256,0
DA:257,0
DA:258,0
DA:261,0
DA:262,0
DA:265,0
DA:271,0
DA:276,0
DA:278,0
DA:279,0
DA:283,0
DA:287,0
DA:288,0
DA:291,0
DA:292,0
DA:295,0
DA:296,0
DA:297,0
DA:301,0
DA:308,0
DA:310,0
DA:315,0
DA:317,0
DA:318,0
DA:322,0
DA:323,0
DA:324,0
DA:327,0
DA:328,0
DA:331,0
DA:332,0
DA:333,0
DA:337,0
DA:339,0
DA:344,0
DA:346,0
DA:347,0
DA:351,0
DA:352,0
DA:355,0
DA:356,0
DA:359,0
LF:150
LH:0
BRDA:36,0,0,0
BRDA:36,0,1,0
BRDA:36,1,0,0
BRDA:36,1,1,0
BRDA:44,2,0,0
BRDA:47,3,0,0
BRDA:50,4,0,0
BRDA:53,5,0,0
BRDA:56,6,0,0
BRDA:59,7,0,0
BRDA:64,8,0,0
BRDA:64,8,1,0
BRDA:74,9,0,0
BRDA:88,10,0,0
BRDA:91,11,0,0
BRDA:91,11,1,0
BRDA:91,11,2,0
BRDA:100,12,0,0
BRDA:100,12,1,0
BRDA:107,13,0,0
BRDA:107,14,0,0
BRDA:107,14,1,0
BRDA:123,15,0,0
BRDA:123,16,0,0
BRDA:123,16,1,0
BRDA:127,17,0,0
BRDA:127,17,1,0
BRDA:145,18,0,0
BRDA:145,18,1,0
BRDA:157,19,0,0
BRDA:167,20,0,0
BRDA:177,21,0,0
BRDA:177,22,0,0
BRDA:177,22,1,0
BRDA:181,23,0,0
BRDA:181,23,1,0
BRDA:188,24,0,0
BRDA:203,25,0,0
BRDA:224,26,0,0
BRDA:224,27,0,0
BRDA:224,27,1,0
BRDA:233,28,0,0
BRDA:233,28,1,0
BRDA:236,29,0,0
BRDA:257,30,0,0
BRDA:257,31,0,0
BRDA:257,31,1,0
BRDA:267,32,0,0
BRDA:267,32,1,0
BRDA:267,33,0,0
BRDA:267,33,1,0
BRDA:268,34,0,0
BRDA:268,34,1,0
BRDA:268,35,0,0
BRDA:268,35,1,0
BRDA:287,36,0,0
BRDA:287,37,0,0
BRDA:287,37,1,0
BRDA:296,38,0,0
BRDA:323,39,0,0
BRDA:332,40,0,0
BRF:61
BRH:0
end_of_record
TN:
SF:src\lib\ai.ts
FN:30,(anonymous_1)
FN:40,(anonymous_2)
FN:74,(anonymous_3)
FN:88,(anonymous_4)
FN:94,(anonymous_5)
FN:123,(anonymous_6)
FN:136,(anonymous_7)
FN:170,(anonymous_8)
FN:251,(anonymous_9)
FN:262,(anonymous_10)
FN:285,(anonymous_11)
FN:294,(anonymous_12)
FNF:12
FNH:0
FNDA:0,(anonymous_1)
FNDA:0,(anonymous_2)
FNDA:0,(anonymous_3)
FNDA:0,(anonymous_4)
FNDA:0,(anonymous_5)
FNDA:0,(anonymous_6)
FNDA:0,(anonymous_7)
FNDA:0,(anonymous_8)
FNDA:0,(anonymous_9)
FNDA:0,(anonymous_10)
FNDA:0,(anonymous_11)
FNDA:0,(anonymous_12)
DA:3,0
DA:6,0
DA:7,0
DA:8,0
DA:23,0
DA:24,0
DA:32,0
DA:33,0
DA:34,0
DA:35,0
DA:41,0
DA:43,0
DA:45,0
DA:47,0
DA:52,0
DA:55,0
DA:58,0
DA:59,0
DA:63,0
DA:67,0
DA:69,0
DA:70,0
DA:75,0
DA:76,0
DA:77,0
DA:78,0
DA:79,0
DA:84,0
DA:89,0
DA:90,0
DA:91,0
DA:95,0
DA:96,0
DA:98,0
DA:99,0
DA:106,0
DA:108,0
DA:114,0
DA:115,0
DA:124,0
DA:136,0
DA:167,0
DA:176,0
DA:177,0
DA:181,0
DA:182,0
DA:183,0
DA:186,0
DA:187,0
DA:188,0
DA:190,0
DA:191,0
DA:192,0
DA:195,0
DA:199,0
DA:200,0
DA:202,0
DA:203,0
DA:207,0
DA:209,0
DA:210,0
DA:211,0
DA:213,0
DA:226,0
DA:235,0
DA:239,0
DA:241,0
DA:243,0
DA:244,0
DA:247,0
DA:252,0
DA:253,0
DA:255,0
DA:256,0
DA:259,0
DA:263,0
DA:264,0
DA:266,0
DA:267,0
DA:271,0
DA:273,0
DA:278,0
DA:280,0
DA:281,0
DA:286,0
DA:287,0
DA:289,0
DA:290,0
DA:295,0
DA:299,0
LF:90
LH:0
BRDA:32,0,0,0
BRDA:34,1,0,0
BRDA:45,2,0,0
BRDA:58,3,0,0
BRDA:77,4,0,0
BRDA:98,5,0,0
BRDA:129,6,0,0
BRDA:129,6,1,0
BRDA:134,7,0,0
BRDA:134,7,1,0
BRDA:134,8,0,0
BRDA:134,8,1,0
BRDA:138,9,0,0
BRDA:138,9,1,0
BRDA:176,10,0,0
BRDA:182,11,0,0
BRDA:210,12,0,0
BRDA:210,13,0,0
BRDA:210,13,1,0
BRDA:210,13,2,0
BRDA:220,14,0,0
BRDA:220,14,1,0
BRDA:231,15,0,0
BRDA:231,15,1,0
BRDA:243,16,0,0
BRDA:255,17,0,0
BRDA:266,18,0,0
BRF:27
BRH:0
end_of_record
TN:
SF:src\lib\auth.ts
FN:23,(anonymous_1)
FN:25,(anonymous_2)
FN:40,(anonymous_3)
FN:52,(anonymous_4)
FN:67,(anonymous_5)
FN:94,(anonymous_6)
FN:95,(anonymous_7)
FN:98,(anonymous_8)
FN:102,(anonymous_9)
FN:110,(anonymous_10)
FN:115,(anonymous_11)
FN:119,(anonymous_12)
FN:145,(anonymous_13)
FN:155,(anonymous_14)
FN:187,(anonymous_15)
FN:243,(anonymous_16)
FNF:16
FNH:0
FNDA:0,(anonymous_1)
FNDA:0,(anonymous_2)
FNDA:0,(anonymous_3)
FNDA:0,(anonymous_4)
FNDA:0,(anonymous_5)
FNDA:0,(anonymous_6)
FNDA:0,(anonymous_7)
FNDA:0,(anonymous_8)
FNDA:0,(anonymous_9)
FNDA:0,(anonymous_10)
FNDA:0,(anonymous_11)
FNDA:0,(anonymous_12)
FNDA:0,(anonymous_13)
FNDA:0,(anonymous_14)
FNDA:0,(anonymous_15)
FNDA:0,(anonymous_16)
DA:14,0
DA:15,0
DA:16,0
DA:20,0
DA:21,0
DA:25,0
DA:26,0
DA:27,0
DA:28,0
DA:29,0
DA:31,0
DA:32,0
DA:37,0
DA:41,0
DA:42,0
DA:43,0
DA:45,0
DA:48,0
DA:54,0
DA:55,0
DA:57,0
DA:68,0
DA:69,0
DA:71,0
DA:73,0
DA:84,0
DA:95,0
DA:99,0
DA:102,0
DA:103,0
DA:104,0
DA:105,0
DA:111,0
DA:116,0
DA:120,0
DA:121,0
DA:122,0
DA:124,0
DA:125,0
DA:127,0
DA:129,0
DA:132,0
DA:133,0
DA:134,0
DA:137,0
DA:138,0
DA:140,0
DA:141,0
DA:146,0
DA:147,0
DA:148,0
DA:150,0
DA:151,0
DA:161,0
DA:163,0
DA:166,0
DA:169,0
DA:170,0
DA:171,0
DA:175,0
DA:180,0
DA:182,0
DA:183,0
DA:188,0
DA:190,0
DA:191,0
DA:193,0
DA:194,0
DA:197,0
DA:200,0
DA:201,0
DA:204,0
DA:205,0
DA:209,0
DA:210,0
DA:212,0
DA:213,0
DA:214,0
DA:219,0
DA:225,0
DA:231,0
DA:236,0
DA:238,0
DA:239,0
DA:244,0
DA:245,0
DA:247,0
DA:248,0
DA:253,0
LF:89
LH:0
BRDA:26,0,0,0
BRDA:26,0,1,0
BRDA:43,1,0,0
BRDA:60,2,0,0
BRDA:60,2,1,0
BRDA:60,2,2,0
BRDA:61,3,0,0
BRDA:61,3,1,0
BRDA:62,4,0,0
BRDA:62,4,1,0
BRDA:63,5,0,0
BRDA:63,5,1,0
BRDA:71,6,0,0
BRDA:71,6,1,0
BRDA:75,7,0,0
BRDA:75,7,1,0
BRDA:75,7,2,0
BRDA:86,8,0,0
BRDA:86,8,1,0
BRDA:87,9,0,0
BRDA:87,9,1,0
BRDA:104,10,0,0
BRDA:125,11,0,0
BRDA:125,11,1,0
BRDA:137,12,0,0
BRDA:151,13,0,0
BRDA:151,13,1,0
BRDA:170,14,0,0
BRDA:183,15,0,0
BRDA:183,15,1,0
BRDA:193,16,0,0
BRDA:200,17,0,0
BRDA:204,18,0,0
BRDA:212,19,0,0
BRF:34
BRH:0
end_of_record
TN:
SF:src\lib\db.ts
FN:36,(anonymous_13)
FN:50,(anonymous_14)
FN:74,(anonymous_15)
FN:77,(anonymous_16)
FN:82,(anonymous_17)
FN:87,(anonymous_18)
FN:105,(anonymous_19)
FN:118,(anonymous_20)
FN:124,(anonymous_21)
FN:136,(anonymous_22)
FN:144,(anonymous_23)
FN:151,(anonymous_24)
FN:162,(anonymous_25)
FN:163,(anonymous_26)
FN:175,(anonymous_27)
FN:183,(anonymous_28)
FN:191,(anonymous_29)
FN:199,(anonymous_30)
FN:208,(anonymous_31)
FN:209,(anonymous_32)
FN:210,(anonymous_33)
FNF:21
FNH:0
FNDA:0,(anonymous_13)
FNDA:0,(anonymous_14)
FNDA:0,(anonymous_15)
FNDA:0,(anonymous_16)
FNDA:0,(anonymous_17)
FNDA:0,(anonymous_18)
FNDA:0,(anonymous_19)
FNDA:0,(anonymous_20)
FNDA:0,(anonymous_21)
FNDA:0,(anonymous_22)
FNDA:0,(anonymous_23)
FNDA:0,(anonymous_24)
FNDA:0,(anonymous_25)
FNDA:0,(anonymous_26)
FNDA:0,(anonymous_27)
FNDA:0,(anonymous_28)
FNDA:0,(anonymous_29)
FNDA:0,(anonymous_30)
FNDA:0,(anonymous_31)
FNDA:0,(anonymous_32)
FNDA:0,(anonymous_33)
DA:22,0
DA:23,0
DA:29,0
DA:36,0
DA:37,0
DA:39,0
DA:50,0
DA:54,0
DA:55,0
DA:56,0
DA:58,0
DA:59,0
DA:62,0
DA:63,0
DA:65,0
DA:67,0
DA:68,0
DA:73,0
DA:74,0
DA:78,0
DA:83,0
DA:92,0
DA:93,0
DA:95,0
DA:110,0
DA:111,0
DA:119,0
DA:120,0
DA:125,0
DA:126,0
DA:128,0
DA:129,0
DA:132,0
DA:140,0
DA:141,0
DA:142,0
DA:144,0
DA:157,0
DA:158,0
DA:160,0
DA:163,0
DA:167,0
DA:175,0
DA:180,0
DA:183,0
DA:188,0
DA:191,0
DA:196,0
DA:199,0
DA:204,0
DA:208,0
DA:209,0
DA:210,0
LF:53
LH:0
BRDA:58,0,0,0
BRDA:65,1,0,0
BRDA:65,1,1,0
BRDA:128,2,0,0
BRDA:138,3,0,0
BRF:5
BRH:0
end_of_record
TN:
SF:src\lib\export.ts
FN:24,(anonymous_9)
FN:29,(anonymous_10)
FN:30,(anonymous_11)
FN:33,(anonymous_12)
FN:67,(anonymous_13)
FN:68,(anonymous_14)
FN:69,(anonymous_15)
FN:69,(anonymous_16)
FN:70,(anonymous_17)
FN:71,(anonymous_18)
FN:72,(anonymous_19)
FN:95,(anonymous_20)
FN:98,(anonymous_21)
FN:123,(anonymous_22)
FN:126,(anonymous_23)
FN:127,(anonymous_24)
FN:128,(anonymous_25)
FN:129,(anonymous_26)
FN:163,(anonymous_27)
FN:167,(anonymous_28)
FN:170,(anonymous_29)
FN:259,(anonymous_30)
FN:269,(anonymous_31)
FN:270,(anonymous_32)
FNF:24
FNH:0
FNDA:0,(anonymous_9)
FNDA:0,(anonymous_10)
FNDA:0,(anonymous_11)
FNDA:0,(anonymous_12)
FNDA:0,(anonymous_13)
FNDA:0,(anonymous_14)
FNDA:0,(anonymous_15)
FNDA:0,(anonymous_16)
FNDA:0,(anonymous_17)
FNDA:0,(anonymous_18)
FNDA:0,(anonymous_19)
FNDA:0,(anonymous_20)
FNDA:0,(anonymous_21)
FNDA:0,(anonymous_22)
FNDA:0,(anonymous_23)
FNDA:0,(anonymous_24)
FNDA:0,(anonymous_25)
FNDA:0,(anonymous_26)
FNDA:0,(anonymous_27)
FNDA:0,(anonymous_28)
FNDA:0,(anonymous_29)
FNDA:0,(anonymous_30)
FNDA:0,(anonymous_31)
FNDA:0,(anonymous_32)
DA:3,0
DA:4,0
DA:7,0
DA:24,0
DA:25,0
DA:27,0
DA:29,0
DA:30,0
DA:32,0
DA:33,0
DA:34,0
DA:49,0
DA:65,0
DA:67,0
DA:68,0
DA:69,0
DA:70,0
DA:71,0
DA:72,0
DA:76,0
DA:79,0
DA:80,0
DA:83,0
DA:84,0
DA:87,0
DA:88,0
DA:90,0
DA:91,0
DA:95,0
DA:96,0
DA:98,0
DA:110,0
DA:111,0
DA:112,0
DA:115,0
DA:116,0
DA:118,0
DA:119,0
DA:123,0
DA:124,0
DA:126,0
DA:127,0
DA:128,0
DA:129,0
DA:131,0
DA:149,0
DA:150,0
DA:151,0
DA:154,0
DA:155,0
DA:157,0
DA:158,0
DA:163,0
DA:164,0
DA:165,0
DA:167,0
DA:169,0
DA:170,0
DA:171,0
DA:173,0
DA:190,0
DA:191,0
DA:192,0
DA:195,0
DA:197,0
DA:198,0
DA:200,0
DA:201,0
DA:203,0
DA:204,0
DA:206,0
DA:207,0
DA:209,0
DA:212,0
DA:228,0
DA:233,0
DA:235,0
DA:236,0
DA:237,0
DA:240,0
DA:242,0
DA:243,0
DA:244,0
DA:245,0
DA:246,0
DA:247,0
DA:248,0
DA:249,0
DA:250,0
DA:253,0
DA:254,0
DA:259,0
DA:260,0
DA:261,0
DA:262,0
DA:266,0
DA:267,0
DA:270,0
DA:271,0
DA:273,0
DA:274,0
DA:276,0
DA:282,0
DA:283,0
DA:284,0
DA:285,0
DA:286,0
DA:287,0
DA:288,0
DA:289,0
DA:290,0
DA:292,0
DA:293,0
LF:113
LH:0
BRDA:32,0,0,0
BRDA:32,0,1,0
BRDA:36,1,0,0
BRDA:36,1,1,0
BRDA:37,2,0,0
BRDA:37,2,1,0
BRDA:43,3,0,0
BRDA:43,3,1,0
BRDA:44,4,0,0
BRDA:44,4,1,0
BRDA:51,5,0,0
BRDA:51,5,1,0
BRDA:58,6,0,0
BRDA:58,6,1,0
BRDA:59,7,0,0
BRDA:59,7,1,0
BRDA:100,8,0,0
BRDA:100,8,1,0
BRDA:136,9,0,0
BRDA:136,9,1,0
BRDA:137,10,0,0
BRDA:137,10,1,0
BRDA:138,11,0,0
BRDA:138,11,1,0
BRDA:140,12,0,0
BRDA:140,12,1,0
BRDA:143,13,0,0
BRDA:143,13,1,0
BRDA:144,14,0,0
BRDA:144,14,1,0
BRDA:169,15,0,0
BRDA:183,16,0,0
BRDA:183,16,1,0
BRDA:184,17,0,0
BRDA:184,17,1,0
BRDA:190,18,0,0
BRDA:195,19,0,0
BRDA:195,19,1,0
BRDA:195,19,2,0
BRDA:195,19,3,0
BRDA:195,19,4,0
BRDA:215,20,0,0
BRDA:215,20,1,0
BRDA:222,21,0,0
BRDA:222,21,1,0
BRDA:235,22,0,0
BRDA:240,23,0,0
BRDA:261,24,0,0
BRDA:273,25,0,0
BRDA:273,26,0,0
BRDA:273,26,1,0
BRDA:273,26,2,0
BRF:52
BRH:0
end_of_record
TN:
SF:src\lib\firebase.ts
FN:17,validateFirebaseConfig
FN:27,(anonymous_6)
FNF:2
FNH:0
FNDA:0,validateFirebaseConfig
FNDA:0,(anonymous_6)
DA:1,0
DA:2,0
DA:3,0
DA:4,0
DA:6,0
DA:18,0
DA:27,0
DA:29,0
DA:30,0
DA:36,0
DA:37,0
DA:38,0
DA:40,0
DA:41,0
DA:45,0
DA:46,0
DA:47,0
DA:50,0
DA:51,0
DA:52,0
DA:55,0
DA:56,0
DA:59,0
DA:60,0
DA:64,0
LF:25
LH:0
BRDA:29,0,0,0
BRDA:38,1,0,0
BRDA:38,1,1,0
BRDA:50,2,0,0
BRDA:50,3,0,0
BRDA:50,3,1,0
BRDA:51,4,0,0
BRDA:55,5,0,0
BRDA:59,6,0,0
BRF:9
BRH:0
end_of_record
TN:
SF:src\lib\utils.ts
FN:4,cn
FN:9,formatDate
FN:17,formatDateTime
FN:27,formatRelativeTime
FN:47,formatFileSize
FN:58,formatCurrency
FN:66,truncateText
FN:72,generateId
FN:82,debounce
FN:87,(anonymous_20)
FN:89,(anonymous_21)
FN:94,deepClone
FN:97,(anonymous_23)
FNF:13
FNH:5
FNDA:2,cn
FNDA:0,formatDate
FNDA:0,formatDateTime
FNDA:0,formatRelativeTime
FNDA:0,formatFileSize
FNDA:0,formatCurrency
FNDA:3,truncateText
FNDA:4,generateId
FNDA:0,debounce
FNDA:0,(anonymous_20)
FNDA:0,(anonymous_21)
FNDA:18,deepClone
FNDA:6,(anonymous_23)
DA:1,1
DA:2,1
DA:4,2
DA:5,2
DA:9,0
DA:10,0
DA:17,0
DA:18,0
DA:27,0
DA:28,0
DA:29,0
DA:30,0
DA:32,0
DA:33,0
DA:34,0
DA:35,0
DA:36,0
DA:37,0
DA:38,0
DA:39,0
DA:40,0
DA:42,0
DA:47,0
DA:48,0
DA:50,0
DA:51,0
DA:52,0
DA:54,0
DA:58,0
DA:59,0
DA:66,3
DA:67,3
DA:68,1
DA:72,4
DA:73,4
DA:74,4
DA:75,4
DA:76,40
DA:78,4
DA:82,0
DA:87,0
DA:88,0
DA:89,0
DA:94,7
DA:95,18
DA:96,6
DA:97,6
DA:98,3
DA:99,3
DA:100,3
DA:101,5
DA:103,3
DA:105,0
LF:53
LH:22
BRDA:32,0,0,0
BRDA:32,0,1,0
BRDA:34,1,0,0
BRDA:34,1,1,0
BRDA:36,2,0,0
BRDA:36,2,1,0
BRDA:38,3,0,0
BRDA:38,3,1,0
BRDA:40,4,0,0
BRDA:40,4,1,0
BRDA:48,5,0,0
BRDA:58,6,0,0
BRDA:67,7,0,2
BRDA:72,8,0,3
BRDA:95,9,0,12
BRDA:95,10,0,18
BRDA:95,10,1,17
BRDA:96,11,0,1
BRDA:97,12,0,2
BRDA:98,13,0,3
BRF:20
BRH:8
end_of_record
